<?xml version="1.0" encoding="UTF-8"?>
<!-- Generated by org.testng.reporters.JUnitReportReporter -->
<testsuite skipped="0" hostname="LAPTOP-EUMPS0DJ" name="com.gmailAccounts.Gmail_with_TestNG_For_Report" tests="1" failures="0" timestamp="07 Jan 2020 04:23:41 GMT" time="12.272" errors="0">
  <testcase name="gmailLogin" time="12.272" classname="com.gmailAccounts.Gmail_with_TestNG_For_Report"/>
</testsuite> <!-- com.gmailAccounts.Gmail_with_TestNG_For_Report -->
