<?xml version="1.0" encoding="UTF-8"?>
<!-- Generated by org.testng.reporters.JUnitReportReporter -->
<testsuite skipped="0" hostname="LAPTOP-EUMPS0DJ" name="com.gmailAccounts.Gmail_with_TestNG_For_Report" tests="1" failures="0" timestamp="18 Mar 2020 01:58:14 GMT" time="12.364" errors="0">
  <testcase name="gmailLogin" time="12.364" classname="com.gmailAccounts.Gmail_with_TestNG_For_Report"/>
</testsuite> <!-- com.gmailAccounts.Gmail_with_TestNG_For_Report -->
